build/app/intermediates/manifest_merge_blame_file/debug/manifest-merger-blame-debug-report.txt
1<?xml version="1.0" encoding="utf-8"?>
2<manifest xmlns:android="http://schemas.android.com/apk/res/android"
3    package="com.example.term_proj2"
4    android:versionCode="1"
5    android:versionName="1.0.0" >
6
7    <uses-sdk
8        android:minSdkVersion="19"
9        android:targetSdkVersion="31" />
10    <!--
11         The INTERNET permission is required for development. Specifically,
12         the Flutter tool needs it to communicate with the running application
13         to allow setting breakpoints, to provide hot reload, etc.
14    -->
15    <uses-permission android:name="android.permission.INTERNET" />
15-->src\debug\AndroidManifest.xml:7:5-66
15-->src\debug\AndroidManifest.xml:7:22-64
16    <uses-permission android:name="android.permission.ACCESS_FINE_LOCATION" />
16-->src\main\AndroidManifest.xml:3:5-78
16-->src\main\AndroidManifest.xml:3:22-76
17    <uses-permission android:name="android.permission.ACCESS_COARSE_LOCATION" />
17-->src\main\AndroidManifest.xml:4:5-81
17-->src\main\AndroidManifest.xml:4:22-78
18
19    <queries>
19-->src\main\AndroidManifest.xml:6:5-12:15
20
21        <!-- If your app opens https URLs -->
22        <intent>
22-->src\main\AndroidManifest.xml:8:5-11:14
23            <action android:name="android.intent.action.VIEW" />
23-->src\main\AndroidManifest.xml:9:9-61
23-->src\main\AndroidManifest.xml:9:17-58
24
25            <data android:scheme="https" />
25-->src\main\AndroidManifest.xml:10:9-40
25-->src\main\AndroidManifest.xml:10:15-37
26        </intent>
27
28        <package android:name="com.kakao.talk" />
28-->[:kakao_flutter_sdk_common] AndroidManifest.xml:10:9-50
28-->[:kakao_flutter_sdk_common] AndroidManifest.xml:10:18-47
29        <package android:name="com.kakao.onetalk" />
29-->[:kakao_flutter_sdk_common] AndroidManifest.xml:11:9-53
29-->[:kakao_flutter_sdk_common] AndroidManifest.xml:11:18-50
30        <package android:name="com.locnall.KimGiSa" />
30-->[:kakao_flutter_sdk_common] AndroidManifest.xml:12:9-55
30-->[:kakao_flutter_sdk_common] AndroidManifest.xml:12:18-52
31        <package android:name="com.lguplus.navi" />
31-->[:kakao_flutter_sdk_common] AndroidManifest.xml:13:9-52
31-->[:kakao_flutter_sdk_common] AndroidManifest.xml:13:18-49
32
33        <intent>
33-->[:kakao_flutter_sdk_common] AndroidManifest.xml:15:9-21:18
34            <action android:name="android.intent.action.VIEW" />
34-->src\main\AndroidManifest.xml:9:9-61
34-->src\main\AndroidManifest.xml:9:17-58
35
36            <category android:name="android.intent.category.BROWSABLE" />
36-->[:kakao_flutter_sdk_common] AndroidManifest.xml:18:13-74
36-->[:kakao_flutter_sdk_common] AndroidManifest.xml:18:23-71
37
38            <data android:scheme="https" />
38-->src\main\AndroidManifest.xml:10:9-40
38-->src\main\AndroidManifest.xml:10:15-37
39        </intent>
40    </queries>
41
42    <uses-permission android:name="android.permission.FOREGROUND_SERVICE" />
42-->[:geolocator_android] AndroidManifest.xml:9:5-77
42-->[:geolocator_android] AndroidManifest.xml:9:22-74
43
44    <uses-feature
44-->[com.naver.maps:map-sdk:3.9.1] AndroidManifest.xml:11:5-13:35
45        android:glEsVersion="0x00020000"
45-->[com.naver.maps:map-sdk:3.9.1] AndroidManifest.xml:12:9-41
46        android:required="true" />
46-->[com.naver.maps:map-sdk:3.9.1] AndroidManifest.xml:13:9-32
47    <uses-feature
47-->[com.naver.maps:map-sdk:3.9.1] AndroidManifest.xml:14:5-16:36
48        android:name="android.hardware.wifi"
48-->[com.naver.maps:map-sdk:3.9.1] AndroidManifest.xml:15:9-45
49        android:required="false" />
49-->[com.naver.maps:map-sdk:3.9.1] AndroidManifest.xml:16:9-33
50
51    <uses-permission android:name="android.permission.ACCESS_NETWORK_STATE" />
51-->[com.naver.maps:map-sdk:3.9.1] AndroidManifest.xml:19:5-79
51-->[com.naver.maps:map-sdk:3.9.1] AndroidManifest.xml:19:22-76
52    <uses-permission android:name="android.permission.ACCESS_WIFI_STATE" />
52-->[com.naver.maps:map-sdk:3.9.1] AndroidManifest.xml:20:5-76
52-->[com.naver.maps:map-sdk:3.9.1] AndroidManifest.xml:20:22-73
53
54    <application
55        android:name="android.app.Application"
56        android:appComponentFactory="androidx.core.app.CoreComponentFactory"
56-->[androidx.core:core:1.6.0] AndroidManifest.xml:24:18-86
57        android:debuggable="true"
58        android:icon="@mipmap/ic_launcher"
59        android:label="term_proj2" >
60        <activity
61            android:name="com.example.term_proj2.MainActivity"
62            android:configChanges="orientation|keyboardHidden|keyboard|screenSize|smallestScreenSize|locale|layoutDirection|fontScale|screenLayout|density|uiMode"
63            android:exported="true"
64            android:hardwareAccelerated="true"
65            android:launchMode="singleTop"
66            android:theme="@style/LaunchTheme"
67            android:windowSoftInputMode="adjustResize" >
68
69            <!--
70                 Specifies an Android theme to apply to this Activity as soon as
71                 the Android process has started. This theme is visible to the user
72                 while the Flutter UI initializes. After that, this theme continues
73                 to determine the Window background behind the Flutter UI.
74            -->
75            <meta-data
76                android:name="io.flutter.embedding.android.NormalTheme"
77                android:resource="@style/NormalTheme" />
78
79            <intent-filter>
80                <action android:name="android.intent.action.MAIN" />
81
82                <category android:name="android.intent.category.LAUNCHER" />
83            </intent-filter>
84        </activity>
85        <!--
86             Don't delete the meta-data below.
87             This is used by the Flutter tool to generate GeneratedPluginRegistrant.java
88        -->
89        <meta-data
90            android:name="flutterEmbedding"
91            android:value="2" />
92        <meta-data
93            android:name="com.naver.maps.map.CLIENT_ID"
94            android:value="tk6wgshx7f" />
95
96        <service
96-->[:geolocator_android] AndroidManifest.xml:12:9-16:56
97            android:name="com.baseflow.geolocator.GeolocatorLocationService"
97-->[:geolocator_android] AndroidManifest.xml:13:13-77
98            android:enabled="true"
98-->[:geolocator_android] AndroidManifest.xml:14:13-35
99            android:exported="false"
99-->[:geolocator_android] AndroidManifest.xml:15:13-37
100            android:foregroundServiceType="location" />
100-->[:geolocator_android] AndroidManifest.xml:16:13-53
101
102        <activity
102-->[:kakao_flutter_sdk_common] AndroidManifest.xml:25:9-30:56
103            android:name="com.kakao.sdk.flutter.TalkAuthCodeActivity"
103-->[:kakao_flutter_sdk_common] AndroidManifest.xml:26:13-70
104            android:configChanges="orientation|screenSize|keyboardHidden"
104-->[:kakao_flutter_sdk_common] AndroidManifest.xml:27:13-74
105            android:exported="false"
105-->[:kakao_flutter_sdk_common] AndroidManifest.xml:28:13-37
106            android:launchMode="singleTask"
106-->[:kakao_flutter_sdk_common] AndroidManifest.xml:29:13-44
107            android:theme="@style/TransparentCompat" />
107-->[:kakao_flutter_sdk_common] AndroidManifest.xml:30:13-53
108        <activity
108-->[:kakao_flutter_sdk_common] AndroidManifest.xml:31:9-35:56
109            android:name="com.kakao.sdk.flutter.AuthCodeCustomTabsActivity"
109-->[:kakao_flutter_sdk_common] AndroidManifest.xml:32:13-76
110            android:exported="true"
110-->[:kakao_flutter_sdk_common] AndroidManifest.xml:33:13-36
111            android:launchMode="singleTask"
111-->[:kakao_flutter_sdk_common] AndroidManifest.xml:34:13-44
112            android:theme="@style/TransparentCompat" />
112-->[:kakao_flutter_sdk_common] AndroidManifest.xml:35:13-53
113        <activity
113-->[:url_launcher_android] AndroidManifest.xml:10:9-13:74
114            android:name="io.flutter.plugins.urllauncher.WebViewActivity"
114-->[:url_launcher_android] AndroidManifest.xml:11:13-74
115            android:exported="false"
115-->[:url_launcher_android] AndroidManifest.xml:12:13-37
116            android:theme="@android:style/Theme.NoTitleBar.Fullscreen" />
116-->[:url_launcher_android] AndroidManifest.xml:13:13-71
117
118        <uses-library
118-->[androidx.window:window:1.0.0-beta04] AndroidManifest.xml:25:9-27:40
119            android:name="androidx.window.extensions"
119-->[androidx.window:window:1.0.0-beta04] AndroidManifest.xml:26:13-54
120            android:required="false" />
120-->[androidx.window:window:1.0.0-beta04] AndroidManifest.xml:27:13-37
121        <uses-library
121-->[androidx.window:window:1.0.0-beta04] AndroidManifest.xml:28:9-30:40
122            android:name="androidx.window.sidecar"
122-->[androidx.window:window:1.0.0-beta04] AndroidManifest.xml:29:13-51
123            android:required="false" />
123-->[androidx.window:window:1.0.0-beta04] AndroidManifest.xml:30:13-37
124
125        <activity
125-->[com.naver.maps:map-sdk:3.9.1] AndroidManifest.xml:23:9-27:51
126            android:name="com.naver.maps.map.app.LegendActivity"
126-->[com.naver.maps:map-sdk:3.9.1] AndroidManifest.xml:24:13-65
127            android:configChanges="screenSize|smallestScreenSize|screenLayout|orientation"
127-->[com.naver.maps:map-sdk:3.9.1] AndroidManifest.xml:25:13-91
128            android:label="@string/navermap_legend"
128-->[com.naver.maps:map-sdk:3.9.1] AndroidManifest.xml:26:13-52
129            android:theme="@style/navermap_app" />
129-->[com.naver.maps:map-sdk:3.9.1] AndroidManifest.xml:27:13-48
130        <activity
130-->[com.naver.maps:map-sdk:3.9.1] AndroidManifest.xml:28:9-32:51
131            android:name="com.naver.maps.map.app.LegalNoticeActivity"
131-->[com.naver.maps:map-sdk:3.9.1] AndroidManifest.xml:29:13-70
132            android:configChanges="screenSize|smallestScreenSize|screenLayout|orientation"
132-->[com.naver.maps:map-sdk:3.9.1] AndroidManifest.xml:30:13-91
133            android:label="@string/navermap_legal_notice"
133-->[com.naver.maps:map-sdk:3.9.1] AndroidManifest.xml:31:13-58
134            android:theme="@style/navermap_app" />
134-->[com.naver.maps:map-sdk:3.9.1] AndroidManifest.xml:32:13-48
135        <activity
135-->[com.naver.maps:map-sdk:3.9.1] AndroidManifest.xml:33:9-37:51
136            android:name="com.naver.maps.map.app.OpenSourceLicenseActivity"
136-->[com.naver.maps:map-sdk:3.9.1] AndroidManifest.xml:34:13-76
137            android:configChanges="screenSize|smallestScreenSize|screenLayout|orientation"
137-->[com.naver.maps:map-sdk:3.9.1] AndroidManifest.xml:35:13-91
138            android:label="@string/navermap_open_source_license"
138-->[com.naver.maps:map-sdk:3.9.1] AndroidManifest.xml:36:13-65
139            android:theme="@style/navermap_app" />
139-->[com.naver.maps:map-sdk:3.9.1] AndroidManifest.xml:37:13-48
140        <activity
140-->[com.google.android.gms:play-services-base:17.5.0] AndroidManifest.xml:23:9-26:75
141            android:name="com.google.android.gms.common.api.GoogleApiActivity"
141-->[com.google.android.gms:play-services-base:17.5.0] AndroidManifest.xml:24:13-79
142            android:exported="false"
142-->[com.google.android.gms:play-services-base:17.5.0] AndroidManifest.xml:25:13-37
143            android:theme="@android:style/Theme.Translucent.NoTitleBar" />
143-->[com.google.android.gms:play-services-base:17.5.0] AndroidManifest.xml:26:13-72
144
145        <meta-data
145-->[com.google.android.gms:play-services-basement:17.5.0] AndroidManifest.xml:23:9-25:69
146            android:name="com.google.android.gms.version"
146-->[com.google.android.gms:play-services-basement:17.5.0] AndroidManifest.xml:24:13-58
147            android:value="@integer/google_play_services_version" />
147-->[com.google.android.gms:play-services-basement:17.5.0] AndroidManifest.xml:25:13-66
148    </application>
149
150</manifest>